build/app/outputs/mapping/release/seeds.txt
com.goowaySimasoft.co.MainActivity
com.goowaySimasoft.co.MainActivity: MainActivity()
...
kotlinx.coroutines.internal.AtomicOp: java.lang.Object _consensus
com.google.android.gms.internal.measurement.zzfy$zzk: long zzx
android.support.v4.media.RatingCompat: android.os.Parcelable$Creator CREATOR
com.dexterous.flutterlocalnotifications.FlutterLocalNotificationsPlugin: java.lang.String PERIODICALLY_SHOW_METHOD
com.dexterous.flutterlocalnotifications.models.styles.BigTextStyleInformation: java.lang.Boolean htmlFormatContentTitle
com.dexterous.flutterlocalnotifications.models.NotificationDetails: java.lang.String ONLY_ALERT_ONCE
com.dexterous.flutterlocalnotifications.models.NotificationChannelDetails: java.lang.String groupId
com.google.android.gms.internal.measurement.zzfy$zzd: boolean zzi
com.dexterous.flutterlocalnotifications.models.NotificationStyle: com.dexterous.flutterlocalnotifications.models.NotificationStyle Media
com.google.android.gms.internal.measurement.zzfy$zzk: com.google.android.gms.internal.measurement.zzka zzat
com.dexterous.flutterlocalnotifications.models.NotificationDetails: java.lang.String CONTENT_TITLE
com.google.android.gms.internal.measurement.zzfy$zzk: com.google.android.gms.internal.measurement.zzkc zzi
com.dexterous.flutterlocalnotifications.models.NotificationChannelDetails: java.lang.Integer importance
com.google.android.gms.internal.measurement.zzfy$zzn: com.google.android.gms.internal.measurement.zzfy$zzn zzc
kotlinx.coroutines.internal.Segment: int cleanedAndPointers
com.google.android.gms.internal.measurement.zzgd$zzc: com.google.android.gms.internal.measurement.zzgd$zzc zzc
com.dexterous.flutterlocalnotifications.models.styles.InboxStyleInformation: java.lang.Boolean htmlFormatLines
com.google.android.gms.internal.measurement.zzfr$zza$zzf: java.lang.String zzg
com.dexterous.flutterlocalnotifications.models.NotificationChannelGroupDetails: java.lang.String description
kotlinx.coroutines.CancelledContinuation: int _resumed
com.google.android.gms.internal.measurement.zzfy$zzk: long zzj
com.google.android.gms.internal.measurement.zzfy$zzh: java.lang.String zzf
com.google.android.gms.measurement.AppMeasurement$ConditionalUserProperty: java.lang.String mOrigin
com.google.android.gms.internal.measurement.zzfy$zzk: java.lang.String zzal
com.google.android.gms.internal.measurement.zzjt: com.google.android.gms.internal.measurement.zzmj zzb
com.dexterous.flutterlocalnotifications.FlutterLocalNotificationsPlugin: java.lang.String DELETE_NOTIFICATION_CHANNEL_GROUP_METHOD
com.dexterous.flutterlocalnotifications.FlutterLocalNotificationsPlugin: java.lang.String SCHEDULED_NOTIFICATIONS
com.google.android.gms.measurement.AppMeasurement$ConditionalUserProperty: java.lang.String mTimedOutEventName
com.dexterous.flutterlocalnotifications.models.NotificationDetails: java.lang.String FULL_SCREEN_INTENT
com.google.android.gms.internal.measurement.zzfy$zzk: long zzam
com.dexterous.flutterlocalnotifications.models.NotificationChannelDetails: java.lang.String PLAY_SOUND
com.google.android.gms.signin.internal.zaa: android.os.Parcelable$Creator CREATOR
com.dexterous.flutterlocalnotifications.models.PersonDetails: com.dexterous.flutterlocalnotifications.models.IconSource iconBitmapSource
com.google.android.gms.internal.measurement.zzfy$zzf: com.google.android.gms.internal.measurement.zzfy$zzf zzc
com.google.android.gms.internal.measurement.zzfr$zza$zzf: com.google.android.gms.internal.measurement.zzll zzd
com.dexterous.flutterlocalnotifications.FlutterLocalNotificationsPlugin: java.lang.String DEFAULT_ICON
com.google.android.gms.location.LocationSettingsResult: android.os.Parcelable$Creator CREATOR
com.google.android.gms.internal.measurement.zzfr$zzh: java.lang.String zzf
kotlinx.coroutines.JobSupport$Finishing: java.lang.Object _exceptionsHolder
com.google.android.gms.internal.measurement.zzfo$zzb: com.google.android.gms.internal.measurement.zzkc zzh
com.google.android.gms.internal.measurement.zzfy$zzk: long zzn
kotlinx.coroutines.InvokeOnCancelling: int _invoked