build/app/outputs/mapping/release/mapping.txt
# compiler: R8
# compiler_version: 3.3.70
# min_api: 21
# common_typos_disable
# {"id":"com.android.tools.r8.mapping","version":"2.0"}
# pg_map_id: 49340a4
# pg_map_hash: SHA-256 49340a4eed51a4bd3fec7c69a65c074bd8593a7ca91660b3b8a3838a5f31292b
...
android.support.v4.media.session.MediaControllerCompat$PlaybackInfo -> android.support.v4.media.session.d:
    androidx.media.AudioAttributesCompat mAudioAttrsCompat -> b
    int mMaxVolume -> d
    int mCurrentVolume -> e
    int mVolumeControl -> c
    int mPlaybackType -> a
android.support.v4.media.session.MediaSessionCompat -> android.support.v4.media.session.MediaSessionCompat:
    void ensureClassLoader(android.os.Bundle) -> a
android.support.v4.media.session.MediaSessionCompat$QueueItem -> android.support.v4.media.session.MediaSessionCompat$QueueItem:
    android.media.session.MediaSession$QueueItem mItemFwk -> o
    android.support.v4.media.MediaDescriptionCompat mDescription -> m
    long mId -> n
    android.support.v4.media.session.MediaSessionCompat$QueueItem fromQueueItem(java.lang.Object) -> a
    java.util.List fromQueueItemList(java.util.List) -> b
android.support.v4.media.session.MediaSessionCompat$QueueItem$1 -> android.support.v4.media.session.MediaSessionCompat$QueueItem$a:
    android.support.v4.media.session.MediaSessionCompat$QueueItem createFromParcel(android.os.Parcel) -> a
    android.support.v4.media.session.MediaSessionCompat$QueueItem[] newArray(int) -> b
android.support.v4.media.session.MediaSessionCompat$ResultReceiverWrapper -> android.support.v4.media.session.MediaSessionCompat$ResultReceiverWrapper:
    android.os.ResultReceiver mResultReceiver -> m
android.support.v4.media.session.MediaSessionCompat$ResultReceiverWrapper$1 -> android.support.v4.media.session.MediaSessionCompat$ResultReceiverWrapper$a:
    android.support.v4.media.session.MediaSessionCompat$ResultReceiverWrapper createFromParcel(android.os.Parcel) -> a
    android.support.v4.media.session.MediaSessionCompat$ResultReceiverWrapper[] newArray(int) -> b
android.support.v4.media.session.MediaSessionCompat$Token -> android.support.v4.media.session.MediaSessionCompat$Token:
    androidx.versionedparcelable.VersionedParcelable mSession2Token -> o
    android.support.v4.media.session.IMediaSession mExtraBinder -> n
    java.lang.Object mInner -> m
    android.support.v4.media.session.IMediaSession getExtraBinder() -> a
    java.lang.Object getToken() -> b
    void setExtraBinder(android.support.v4.media.session.IMediaSession) -> c
    void setSession2Token(androidx.versionedparcelable.VersionedParcelable) -> d
android.support.v4.media.session.MediaSessionCompat$Token$1 -> android.support.v4.media.session.MediaSessionCompat$Token$a:
    android.support.v4.media.session.MediaSessionCompat$Token createFromParcel(android.os.Parcel) -> a
    android.support.v4.media.session.MediaSessionCompat$Token[] newArray(int) -> b
android.support.v4.media.session.ParcelableVolumeInfo -> android.support.v4.media.session.ParcelableVolumeInfo:
    int audioStream -> n
    int controlType -> o
    int volumeType -> m
    int maxVolume -> p
    int currentVolume -> q
android.support.v4.media.session.ParcelableVolumeInfo$1 -> android.support.v4.media.session.ParcelableVolumeInfo$a:
    android.support.v4.media.session.ParcelableVolumeInfo createFromParcel(android.os.Parcel) -> a
    android.support.v4.media.session.ParcelableVolumeInfo[] newArray(int) -> b
android.support.v4.media.session.PlaybackStateCompat -> android.support.v4.media.session.PlaybackStateCompat:
    int mState -> m
    long mActiveItemId -> v
    java.util.List mCustomActions -> u
    java.lang.CharSequence mErrorMessage -> s
    android.os.Bundle mExtras -> w
    long mActions -> q
    long mUpdateTime -> t
    long mPosition -> n
    float mSpeed -> p
    int mErrorCode -> r
    long mBufferedPosition -> o
    android.media.session.PlaybackState mStateFwk -> x
    android.support.v4.media.session.PlaybackStateCompat fromPlaybackState(java.lang.Object) -> a