build/app/outputs/mapping/release/usage.txt
com.goowaySimasoft.co.BuildConfig
com.goowaySimasoft.co.R$anim
com.goowaySimasoft.co.R$animator
com.goowaySimasoft.co.R$attr
com.goowaySimasoft.co.R$color
com.goowaySimasoft.co.R$dimen
com.goowaySimasoft.co.R$drawable
com.goowaySimasoft.co.R$id
com.goowaySimasoft.co.R$integer
com.goowaySimasoft.co.R$layout
com.goowaySimasoft.co.R$mipmap
com.goowaySimasoft.co.R$raw
com.goowaySimasoft.co.R$string
com.goowaySimasoft.co.R$style
com.goowaySimasoft.co.R$styleable
com.goowaySimasoft.co.R$xml
com.goowaySimasoft.co.R
...
org.checkerframework.checker.signature.qual.ClassGetSimpleName
org.checkerframework.checker.signature.qual.DotSeparatedIdentifiers
org.checkerframework.checker.signature.qual.DotSeparatedIdentifiersOrPrimitiveType
org.checkerframework.checker.signature.qual.FieldDescriptor
org.checkerframework.checker.signature.qual.FieldDescriptorForPrimitive
org.checkerframework.checker.signature.qual.FieldDescriptorWithoutPackage
org.checkerframework.checker.signature.qual.FqBinaryName
org.checkerframework.checker.signature.qual.FullyQualifiedName
org.checkerframework.checker.signature.qual.Identifier
org.checkerframework.checker.signature.qual.IdentifierOrPrimitiveType
org.checkerframework.checker.signature.qual.InternalForm
org.checkerframework.checker.signature.qual.MethodDescriptor
org.checkerframework.checker.signature.qual.PolySignature
org.checkerframework.checker.signature.qual.PrimitiveType
org.checkerframework.checker.signature.qual.SignatureBottom
org.checkerframework.checker.signature.qual.SignatureUnknown
org.checkerframework.checker.signedness.qual.PolySigned
org.checkerframework.checker.signedness.qual.Signed
org.checkerframework.checker.signedness.qual.SignedPositive
org.checkerframework.checker.signedness.qual.SignedPositiveFromUnsigned
org.checkerframework.checker.signedness.qual.SignednessBottom
org.checkerframework.checker.signedness.qual.SignednessGlb
org.checkerframework.checker.signedness.qual.UnknownSignedness
org.checkerframework.checker.signedness.qual.Unsigned
org.checkerframework.checker.tainting.qual.PolyTainted
org.checkerframework.checker.tainting.qual.Tainted
org.checkerframework.checker.tainting.qual.Untainted
org.checkerframework.checker.units.qual.A
org.checkerframework.checker.units.qual.Acceleration
org.checkerframework.checker.units.qual.Angle
org.checkerframework.checker.units.qual.Area
org.checkerframework.checker.units.qual.C
org.checkerframework.checker.units.qual.Current
org.checkerframework.checker.units.qual.K
org.checkerframework.checker.units.qual.Length
org.checkerframework.checker.units.qual.Luminance
org.checkerframework.checker.units.qual.Mass
org.checkerframework.checker.units.qual.MixedUnits
org.checkerframework.checker.units.qual.PolyUnit
org.checkerframework.checker.units.qual.Prefix
org.checkerframework.checker.units.qual.Speed
org.checkerframework.checker.units.qual.Substance
org.checkerframework.checker.units.qual.Temperature
org.checkerframework.checker.units.qual.Time
org.checkerframework.checker.units.qual.UnitsBottom
org.checkerframework.checker.units.qual.UnitsMultiple
org.checkerframework.checker.units.qual.UnitsRelations
org.checkerframework.checker.units.qual.UnknownUnits
org.checkerframework.checker.units.qual.cd
org.checkerframework.checker.units.qual.degrees
org.checkerframework.checker.units.qual.g
org.checkerframework.checker.units.qual.h
org.checkerframework.checker.units.qual.kg
org.checkerframework.checker.units.qual.km2
org.checkerframework.checker.units.qual.km
org.checkerframework.checker.units.qual.kmPERh
org.checkerframework.checker.units.qual.m2
org.checkerframework.checker.units.qual.m
org.checkerframework.checker.units.qual.mPERs2
org.checkerframework.checker.units.qual.mPERs
org.checkerframework.checker.units.qual.min
org.checkerframework.checker.units.qual.mm2
org.checkerframework.checker.units.qual.mm
org.checkerframework.checker.units.qual.mol
org.checkerframework.checker.units.qual.radians
org.checkerframework.checker.units.qual.s
org.checkerframework.common.aliasing.qual.LeakedToResult
org.checkerframework.common.aliasing.qual.MaybeAliased
org.checkerframework.common.aliasing.qual.MaybeLeaked
org.checkerframework.common.aliasing.qual.NonLeaked
org.checkerframework.common.aliasing.qual.Unique
org.checkerframework.common.initializedfields.qual.EnsuresInitializedFields$List
org.checkerframework.common.initializedfields.qual.EnsuresInitializedFields
org.checkerframework.common.initializedfields.qual.InitializedFields